2021-01-12 05:23:26.343	    7f29f2452a00	INFO	logging	contrib/epee/src/mlog.cpp:273	New log categories: *:WARNING,net:FATAL,net.http:FATAL,net.ssl:FATAL,net.p2p:FATAL,net.cn:FATAL,daemon.rpc:FATAL,global:INFO,verify:FATAL,serialization:FATAL,daemon.rpc.payment:ERROR,stacktrace:INFO,logging:INFO,msgwriter:INFO
2021-01-12 05:23:26.343	    7f29f2452a00	INFO	msgwriter	src/common/scoped_message_writer.h:102	Forking to background...
2021-01-12 05:23:26.345	    7f29f2452a00	WARNING	wallet.rpc	src/wallet/wallet_rpc_server.cpp:4400	Loading wallet...
2021-01-12 05:23:27.990	    7f29f2452a00	WARNING	wallet.wallet2	src/wallet/wallet2.cpp:5602	Loaded wallet keys file, with public address: 48nya5dqHbFVLK9x9xikMh9xwjitxo4o1FvgmQDfK5pP3JXBNcX6DgL1BxXT2C2wKP4mSud5Fn8XGeDZHwj8X5A4JGgDbGv
2021-01-12 05:25:11.854	    7f6fd7546a00	INFO	logging	contrib/epee/src/mlog.cpp:273	New log categories: *:WARNING,net:FATAL,net.http:FATAL,net.ssl:FATAL,net.p2p:FATAL,net.cn:FATAL,daemon.rpc:FATAL,global:INFO,verify:FATAL,serialization:FATAL,daemon.rpc.payment:ERROR,stacktrace:INFO,logging:INFO,msgwriter:INFO
2021-01-12 05:25:11.854	    7f6fd7546a00	INFO	msgwriter	src/common/scoped_message_writer.h:102	Forking to background...
2021-01-12 05:25:11.856	    7f6fd7546a00	WARNING	wallet.rpc	src/wallet/wallet_rpc_server.cpp:4400	Loading wallet...
2021-01-12 05:25:13.649	    7f6fd7546a00	WARNING	wallet.wallet2	src/wallet/wallet2.cpp:5602	Loaded wallet keys file, with public address: 48nya5dqHbFVLK9x9xikMh9xwjitxo4o1FvgmQDfK5pP3JXBNcX6DgL1BxXT2C2wKP4mSud5Fn8XGeDZHwj8X5A4JGgDbGv
2021-01-12 05:28:07.638	    7f6fd7546a00	WARNING	wallet.wallet2	src/wallet/wallet2.cpp:3156	Error calling gettransactions daemon RPC: r 1, status <error>
2021-01-12 05:32:10.236	    7f6fd7546a00	WARNING	wallet.rpc	src/wallet/wallet_rpc_server.cpp:279	Background mining not enabled. Run "set setup-background-mining 1" in monero-wallet-cli to change.
2021-01-12 05:32:10.237	    7f6fd7546a00	INFO	global	contrib/epee/include/net/http_server_impl_base.h:79	Binding on 127.0.0.1 (IPv4):7779
2021-01-12 05:32:10.705	    7f6fd7546a00	WARNING	wallet.rpc	src/wallet/wallet_rpc_server.cpp:4464	Starting wallet RPC server
2021-01-12 05:32:12.591	[RPC0]	WARNING	wallet.wallet2	src/wallet/wallet2.cpp:3156	Error calling gettransactions daemon RPC: r 1, status <error>
2021-01-12 05:32:33.882	[RPC0]	WARNING	wallet.wallet2	src/wallet/wallet2.cpp:3156	Error calling gettransactions daemon RPC: r 1, status <error>
2021-01-12 05:32:55.181	[RPC0]	WARNING	wallet.wallet2	src/wallet/wallet2.cpp:3156	Error calling gettransactions daemon RPC: r 1, status <error>
2021-01-12 05:33:16.481	[RPC0]	WARNING	wallet.wallet2	src/wallet/wallet2.cpp:3156	Error calling gettransactions daemon RPC: r 1, status <error>
2021-01-13 02:13:10.192	[RPC0]	ERROR	wallet.wallet2	src/wallet/wallet2.cpp:13997	!r. THROW EXCEPTION: tools::error::no_connection_to_daemon
2021-01-13 02:13:10.193	[RPC0]	INFO	stacktrace	src/common/stack_trace.cpp:133	Exception: tools::error::no_connection_to_daemon
2021-01-13 02:13:10.193	[RPC0]	INFO	stacktrace	src/common/stack_trace.cpp:134	Unwound call stack:
2021-01-13 02:13:10.270	[RPC0]	INFO	stacktrace	src/common/stack_trace.cpp:172	    [1]  0x116) [0x558dad10af11]:__cxa_throw+0x116) [0x558dad10af11]
2021-01-13 02:13:10.270	[RPC0]	INFO	stacktrace	src/common/stack_trace.cpp:172	    [2] monero-wallet-rpc(+0x443ddc) [0x558dad09eddc] 
2021-01-13 02:13:10.270	[RPC0]	INFO	stacktrace	src/common/stack_trace.cpp:172	    [3]  0x2d6) [0x558dad32c766]:_ZNK5tools7wallet227throw_on_rpc_response_errorEbRKN4epee8json_rpc5errorERKNSt7__cxx1112basic_stringIcSt11char_traitsIcESaIcEEEPKc+0x2d6) [0x558dad32c766]
2021-01-13 02:13:10.270	[RPC0]	INFO	stacktrace	src/common/stack_trace.cpp:172	    [4]  0x38d) [0x558dad3b772d]:_ZN5tools7wallet217update_pool_stateERSt6vectorISt5tupleIJN10cryptonote11transactionEN6crypto4hashEbEESaIS7_EEb+0x38d) [0x558dad3b772d]
2021-01-13 02:13:10.270	[RPC0]	INFO	stacktrace	src/common/stack_trace.cpp:172	    [5]  0x907) [0x558dad3c9937]:_ZN5tools7wallet27refreshEbmRmRbb+0x907) [0x558dad3c9937]
2021-01-13 02:13:10.270	[RPC0]	INFO	stacktrace	src/common/stack_trace.cpp:172	    [6]  0x31) [0x558dad3cad51]:_ZN5tools7wallet27refreshEbmRm+0x31) [0x558dad3cad51]
2021-01-13 02:13:10.270	[RPC0]	INFO	stacktrace	src/common/stack_trace.cpp:172	    [7]  0x2e) [0x558dad3cad9e]:_ZN5tools7wallet27refreshEb+0x2e) [0x558dad3cad9e]
2021-01-13 02:13:10.270	[RPC0]	INFO	stacktrace	src/common/stack_trace.cpp:172	    [8] monero-wallet-rpc(+0x532c53) [0x558dad18dc53] 
2021-01-13 02:13:10.270	[RPC0]	INFO	stacktrace	src/common/stack_trace.cpp:172	    [9] monero-wallet-rpc(+0x53b0a2) [0x558dad1960a2] 
2021-01-13 02:13:10.270	[RPC0]	INFO	stacktrace	src/common/stack_trace.cpp:172	    [10] monero-wallet-rpc(+0x51b5eb) [0x558dad1765eb] 
2021-01-13 02:13:10.270	[RPC0]	INFO	stacktrace	src/common/stack_trace.cpp:172	    [11] monero-wallet-rpc(+0x51e4c2) [0x558dad1794c2] 
2021-01-13 02:13:10.270	[RPC0]	INFO	stacktrace	src/common/stack_trace.cpp:172	    [12]  0x216) [0x558dad1f4d96]:_ZN4epee9net_utils18boosted_tcp_serverINS0_4http19http_custom_handlerINS0_23connection_context_baseEEEE13worker_threadEv+0x216) [0x558dad1f4d96]
2021-01-13 02:13:10.270	[RPC0]	INFO	stacktrace	src/common/stack_trace.cpp:172	    [13]  0xaed7) [0x7f6fda707ed7]:_thread.so.1.75.0(+0xaed7) [0x7f6fda707ed7]
2021-01-13 02:13:10.270	[RPC0]	INFO	stacktrace	src/common/stack_trace.cpp:172	    [14] /usr/lib/libpthread.so.0(+0x93e9) [0x7f6fd99743e9] 
2021-01-13 02:13:10.270	[RPC0]	INFO	stacktrace	src/common/stack_trace.cpp:172	    [15] /usr/lib/libc.so.6(clone+0x43) [0x7f6fd98a0293] 
2021-01-13 02:13:10.270	[RPC0]	INFO	stacktrace	src/common/stack_trace.cpp:172	
2021-01-13 02:13:10.298	[RPC0]	ERROR	wallet.rpc	src/wallet/wallet_rpc_server.cpp:143	Exception at while refreshing, what=no connection to daemon
2021-01-14 01:08:56.709	[RPC0]	ERROR	wallet.wallet2	src/wallet/wallet2.cpp:13997	!r. THROW EXCEPTION: tools::error::no_connection_to_daemon
2021-01-14 01:08:56.709	[RPC0]	INFO	stacktrace	src/common/stack_trace.cpp:133	Exception: tools::error::no_connection_to_daemon
2021-01-14 01:08:56.709	[RPC0]	INFO	stacktrace	src/common/stack_trace.cpp:134	Unwound call stack:
2021-01-14 01:08:56.716	[RPC0]	INFO	stacktrace	src/common/stack_trace.cpp:172	    [1]  0x116) [0x558dad10af11]:__cxa_throw+0x116) [0x558dad10af11]
2021-01-14 01:08:56.716	[RPC0]	INFO	stacktrace	src/common/stack_trace.cpp:172	    [2] monero-wallet-rpc(+0x443ddc) [0x558dad09eddc] 
2021-01-14 01:08:56.716	[RPC0]	INFO	stacktrace	src/common/stack_trace.cpp:172	    [3]  0x2d6) [0x558dad32c766]:_ZNK5tools7wallet227throw_on_rpc_response_errorEbRKN4epee8json_rpc5errorERKNSt7__cxx1112basic_stringIcSt11char_traitsIcESaIcEEEPKc+0x2d6) [0x558dad32c766]
2021-01-14 01:08:56.716	[RPC0]	INFO	stacktrace	src/common/stack_trace.cpp:172	    [4]  0x38d) [0x558dad3b772d]:_ZN5tools7wallet217update_pool_stateERSt6vectorISt5tupleIJN10cryptonote11transactionEN6crypto4hashEbEESaIS7_EEb+0x38d) [0x558dad3b772d]
2021-01-14 01:08:56.716	[RPC0]	INFO	stacktrace	src/common/stack_trace.cpp:172	    [5]  0x907) [0x558dad3c9937]:_ZN5tools7wallet27refreshEbmRmRbb+0x907) [0x558dad3c9937]
2021-01-14 01:08:56.716	[RPC0]	INFO	stacktrace	src/common/stack_trace.cpp:172	    [6]  0x31) [0x558dad3cad51]:_ZN5tools7wallet27refreshEbmRm+0x31) [0x558dad3cad51]
2021-01-14 01:08:56.716	[RPC0]	INFO	stacktrace	src/common/stack_trace.cpp:172	    [7]  0x2e) [0x558dad3cad9e]:_ZN5tools7wallet27refreshEb+0x2e) [0x558dad3cad9e]
2021-01-14 01:08:56.716	[RPC0]	INFO	stacktrace	src/common/stack_trace.cpp:172	    [8] monero-wallet-rpc(+0x532c53) [0x558dad18dc53] 
2021-01-14 01:08:56.716	[RPC0]	INFO	stacktrace	src/common/stack_trace.cpp:172	    [9] monero-wallet-rpc(+0x53b0a2) [0x558dad1960a2] 
2021-01-14 01:08:56.716	[RPC0]	INFO	stacktrace	src/common/stack_trace.cpp:172	    [10] monero-wallet-rpc(+0x51b5eb) [0x558dad1765eb] 
2021-01-14 01:08:56.716	[RPC0]	INFO	stacktrace	src/common/stack_trace.cpp:172	    [11] monero-wallet-rpc(+0x51e4c2) [0x558dad1794c2] 
2021-01-14 01:08:56.716	[RPC0]	INFO	stacktrace	src/common/stack_trace.cpp:172	    [12]  0x216) [0x558dad1f4d96]:_ZN4epee9net_utils18boosted_tcp_serverINS0_4http19http_custom_handlerINS0_23connection_context_baseEEEE13worker_threadEv+0x216) [0x558dad1f4d96]
2021-01-14 01:08:56.716	[RPC0]	INFO	stacktrace	src/common/stack_trace.cpp:172	    [13]  0xaed7) [0x7f6fda707ed7]:_thread.so.1.75.0(+0xaed7) [0x7f6fda707ed7]
2021-01-14 01:08:56.716	[RPC0]	INFO	stacktrace	src/common/stack_trace.cpp:172	    [14] /usr/lib/libpthread.so.0(+0x93e9) [0x7f6fd99743e9] 
2021-01-14 01:08:56.716	[RPC0]	INFO	stacktrace	src/common/stack_trace.cpp:172	    [15] /usr/lib/libc.so.6(clone+0x43) [0x7f6fd98a0293] 
2021-01-14 01:08:56.716	[RPC0]	INFO	stacktrace	src/common/stack_trace.cpp:172	
2021-01-14 01:08:56.716	[RPC0]	ERROR	wallet.rpc	src/wallet/wallet_rpc_server.cpp:143	Exception at while refreshing, what=no connection to daemon
2021-01-14 01:11:46.187	    7f930f253a00	INFO	logging	contrib/epee/src/mlog.cpp:273	New log categories: *:WARNING,net:FATAL,net.http:FATAL,net.ssl:FATAL,net.p2p:FATAL,net.cn:FATAL,daemon.rpc:FATAL,global:INFO,verify:FATAL,serialization:FATAL,daemon.rpc.payment:ERROR,stacktrace:INFO,logging:INFO,msgwriter:INFO
2021-01-14 01:11:46.187	    7f930f253a00	INFO	msgwriter	src/common/scoped_message_writer.h:102	Forking to background...
2021-01-14 01:11:46.189	    7f930f253a00	WARNING	wallet.rpc	src/wallet/wallet_rpc_server.cpp:4400	Loading wallet...
2021-01-14 01:11:48.095	    7f930f253a00	ERROR	util	src/common/util.cpp:109	Error locking fd 16: 11 (Resource temporarily unavailable)
2021-01-14 01:11:48.095	    7f930f253a00	ERROR	util	src/common/util.cpp:274	Failed to lock /home/smitty/Documents/repos/carryone/PeerCoin/scripts/../wallet/moneroDefault.keys: Resource temporarily unavailable
2021-01-14 01:11:48.095	    7f930f253a00	ERROR	wallet.wallet2	src/wallet/wallet2.cpp:5594	!is_keys_file_locked(). THROW EXCEPTION: error::wallet_internal_error
2021-01-14 01:11:48.095	    7f930f253a00	INFO	stacktrace	src/common/stack_trace.cpp:133	Exception: tools::error::wallet_internal_error
2021-01-14 01:11:48.095	    7f930f253a00	INFO	stacktrace	src/common/stack_trace.cpp:134	Unwound call stack:
2021-01-14 01:11:48.128	    7f930f253a00	INFO	stacktrace	src/common/stack_trace.cpp:172	    [1]  0x116) [0x556064d7af11]:__cxa_throw+0x116) [0x556064d7af11]
2021-01-14 01:11:48.128	    7f930f253a00	INFO	stacktrace	src/common/stack_trace.cpp:172	    [2]  0x1c6) [0x5560650ae416]:_ZN5tools5error15throw_wallet_exINS0_21wallet_internal_errorEJNSt7__cxx1112basic_stringIcSt11char_traitsIcESaIcEEEEEEvOS8_DpRKT0_+0x1c6) [0x5560650ae416]
2021-01-14 01:11:48.128	    7f930f253a00	INFO	stacktrace	src/common/stack_trace.cpp:172	    [3]  0xc42) [0x556065079fb2]:_ZN5tools7wallet24loadERKNSt7__cxx1112basic_stringIcSt11char_traitsIcESaIcEEERKN4epee15wipeable_stringES8_S8_+0xc42) [0x556065079fb2]
2021-01-14 01:11:48.128	    7f930f253a00	INFO	stacktrace	src/common/stack_trace.cpp:172	    [4]  0x1d9) [0x55606507b0f9]:_ZN5tools7wallet214make_from_fileERKN5boost15program_options13variables_mapEbRKNSt7__cxx1112basic_stringIcSt11char_traitsIcESaIcEEERKSt8functionIFNS1_8optionalINS_18password_containerEEEPKcbEE+0x1d9) [0x55606507b0f9]
2021-01-14 01:11:48.128	    7f930f253a00	INFO	stacktrace	src/common/stack_trace.cpp:172	    [5]  0x5ef) [0x556064f1698f]:_ZN8t_daemon3runEv+0x5ef) [0x556064f1698f]
2021-01-14 01:11:48.128	    7f930f253a00	INFO	stacktrace	src/common/stack_trace.cpp:172	    [6] monero-wallet-rpc(main+0x53a) [0x556064dcd9ea] 
2021-01-14 01:11:48.128	    7f930f253a00	INFO	stacktrace	src/common/stack_trace.cpp:172	    [7]  0xf2) [0x7f93114d5152]:__libc_start_main+0xf2) [0x7f93114d5152]
2021-01-14 01:11:48.128	    7f930f253a00	INFO	stacktrace	src/common/stack_trace.cpp:172	    [8]  0x2e) [0x556064ddfa4e]:_start+0x2e) [0x556064ddfa4e]
2021-01-14 01:11:48.128	    7f930f253a00	INFO	stacktrace	src/common/stack_trace.cpp:172	
2021-01-14 01:11:48.138	    7f930f253a00	ERROR	wallet.rpc	src/wallet/wallet_rpc_server.cpp:4454	Wallet initialization failed: internal error: "/home/smitty/Documents/repos/carryone/PeerCoin/scripts/../wallet/moneroDefault.keys" is opened by another wallet program
2021-01-14 01:15:46.585	    7f6098679a00	INFO	logging	contrib/epee/src/mlog.cpp:273	New log categories: *:WARNING,net:FATAL,net.http:FATAL,net.ssl:FATAL,net.p2p:FATAL,net.cn:FATAL,daemon.rpc:FATAL,global:INFO,verify:FATAL,serialization:FATAL,daemon.rpc.payment:ERROR,stacktrace:INFO,logging:INFO,msgwriter:INFO
2021-01-14 01:15:46.585	    7f6098679a00	INFO	msgwriter	src/common/scoped_message_writer.h:102	Forking to background...
2021-01-14 01:15:46.587	    7f6098679a00	WARNING	wallet.rpc	src/wallet/wallet_rpc_server.cpp:4400	Loading wallet...
2021-01-14 01:15:47.657	    7f6098679a00	ERROR	util	src/common/util.cpp:109	Error locking fd 16: 11 (Resource temporarily unavailable)
2021-01-14 01:15:47.657	    7f6098679a00	ERROR	util	src/common/util.cpp:274	Failed to lock /home/smitty/Documents/repos/carryone/PeerCoin/scripts/../wallet/moneroDefault.keys: Resource temporarily unavailable
2021-01-14 01:15:47.657	    7f6098679a00	ERROR	wallet.wallet2	src/wallet/wallet2.cpp:5594	!is_keys_file_locked(). THROW EXCEPTION: error::wallet_internal_error
2021-01-14 01:15:47.657	    7f6098679a00	INFO	stacktrace	src/common/stack_trace.cpp:133	Exception: tools::error::wallet_internal_error
2021-01-14 01:15:47.657	    7f6098679a00	INFO	stacktrace	src/common/stack_trace.cpp:134	Unwound call stack:
2021-01-14 01:15:47.660	    7f6098679a00	INFO	stacktrace	src/common/stack_trace.cpp:172	    [1]  0x116) [0x55cffc8faf11]:__cxa_throw+0x116) [0x55cffc8faf11]
2021-01-14 01:15:47.660	    7f6098679a00	INFO	stacktrace	src/common/stack_trace.cpp:172	    [2]  0x1c6) [0x55cffcc2e416]:_ZN5tools5error15throw_wallet_exINS0_21wallet_internal_errorEJNSt7__cxx1112basic_stringIcSt11char_traitsIcESaIcEEEEEEvOS8_DpRKT0_+0x1c6) [0x55cffcc2e416]
2021-01-14 01:15:47.660	    7f6098679a00	INFO	stacktrace	src/common/stack_trace.cpp:172	    [3]  0xc42) [0x55cffcbf9fb2]:_ZN5tools7wallet24loadERKNSt7__cxx1112basic_stringIcSt11char_traitsIcESaIcEEERKN4epee15wipeable_stringES8_S8_+0xc42) [0x55cffcbf9fb2]
2021-01-14 01:15:47.660	    7f6098679a00	INFO	stacktrace	src/common/stack_trace.cpp:172	    [4]  0x1d9) [0x55cffcbfb0f9]:_ZN5tools7wallet214make_from_fileERKN5boost15program_options13variables_mapEbRKNSt7__cxx1112basic_stringIcSt11char_traitsIcESaIcEEERKSt8functionIFNS1_8optionalINS_18password_containerEEEPKcbEE+0x1d9) [0x55cffcbfb0f9]
2021-01-14 01:15:47.660	    7f6098679a00	INFO	stacktrace	src/common/stack_trace.cpp:172	    [5]  0x5ef) [0x55cffca9698f]:_ZN8t_daemon3runEv+0x5ef) [0x55cffca9698f]
2021-01-14 01:15:47.660	    7f6098679a00	INFO	stacktrace	src/common/stack_trace.cpp:172	    [6] monero-wallet-rpc(main+0x53a) [0x55cffc94d9ea] 
2021-01-14 01:15:47.660	    7f6098679a00	INFO	stacktrace	src/common/stack_trace.cpp:172	    [7]  0xf2) [0x7f609a8fb152]:__libc_start_main+0xf2) [0x7f609a8fb152]
2021-01-14 01:15:47.660	    7f6098679a00	INFO	stacktrace	src/common/stack_trace.cpp:172	    [8]  0x2e) [0x55cffc95fa4e]:_start+0x2e) [0x55cffc95fa4e]
2021-01-14 01:15:47.660	    7f6098679a00	INFO	stacktrace	src/common/stack_trace.cpp:172	
2021-01-14 01:15:47.661	    7f6098679a00	ERROR	wallet.rpc	src/wallet/wallet_rpc_server.cpp:4454	Wallet initialization failed: internal error: "/home/smitty/Documents/repos/carryone/PeerCoin/scripts/../wallet/moneroDefault.keys" is opened by another wallet program
2021-01-14 01:21:14.302	    7f8526dd4a00	INFO	logging	contrib/epee/src/mlog.cpp:273	New log categories: *:WARNING,net:FATAL,net.http:FATAL,net.ssl:FATAL,net.p2p:FATAL,net.cn:FATAL,daemon.rpc:FATAL,global:INFO,verify:FATAL,serialization:FATAL,daemon.rpc.payment:ERROR,stacktrace:INFO,logging:INFO,msgwriter:INFO
2021-01-14 01:21:14.302	    7f8526dd4a00	INFO	msgwriter	src/common/scoped_message_writer.h:102	Forking to background...
2021-01-14 01:21:14.304	    7f8526dd4a00	WARNING	wallet.rpc	src/wallet/wallet_rpc_server.cpp:4400	Loading wallet...
2021-01-14 01:21:15.851	    7f8526dd4a00	ERROR	util	src/common/util.cpp:109	Error locking fd 16: 11 (Resource temporarily unavailable)
2021-01-14 01:21:15.851	    7f8526dd4a00	ERROR	util	src/common/util.cpp:274	Failed to lock /home/smitty/Documents/repos/carryone/PeerCoin/scripts/../wallet/moneroDefault.keys: Resource temporarily unavailable
2021-01-14 01:21:15.851	    7f8526dd4a00	ERROR	wallet.wallet2	src/wallet/wallet2.cpp:5594	!is_keys_file_locked(). THROW EXCEPTION: error::wallet_internal_error
2021-01-14 01:21:15.851	    7f8526dd4a00	INFO	stacktrace	src/common/stack_trace.cpp:133	Exception: tools::error::wallet_internal_error
2021-01-14 01:21:15.851	    7f8526dd4a00	INFO	stacktrace	src/common/stack_trace.cpp:134	Unwound call stack:
2021-01-14 01:21:15.853	    7f8526dd4a00	INFO	stacktrace	src/common/stack_trace.cpp:172	    [1]  0x116) [0x55e0b9213f11]:__cxa_throw+0x116) [0x55e0b9213f11]
2021-01-14 01:21:15.853	    7f8526dd4a00	INFO	stacktrace	src/common/stack_trace.cpp:172	    [2]  0x1c6) [0x55e0b9547416]:_ZN5tools5error15throw_wallet_exINS0_21wallet_internal_errorEJNSt7__cxx1112basic_stringIcSt11char_traitsIcESaIcEEEEEEvOS8_DpRKT0_+0x1c6) [0x55e0b9547416]
2021-01-14 01:21:15.853	    7f8526dd4a00	INFO	stacktrace	src/common/stack_trace.cpp:172	    [3]  0xc42) [0x55e0b9512fb2]:_ZN5tools7wallet24loadERKNSt7__cxx1112basic_stringIcSt11char_traitsIcESaIcEEERKN4epee15wipeable_stringES8_S8_+0xc42) [0x55e0b9512fb2]
2021-01-14 01:21:15.853	    7f8526dd4a00	INFO	stacktrace	src/common/stack_trace.cpp:172	    [4]  0x1d9) [0x55e0b95140f9]:_ZN5tools7wallet214make_from_fileERKN5boost15program_options13variables_mapEbRKNSt7__cxx1112basic_stringIcSt11char_traitsIcESaIcEEERKSt8functionIFNS1_8optionalINS_18password_containerEEEPKcbEE+0x1d9) [0x55e0b95140f9]
2021-01-14 01:21:15.853	    7f8526dd4a00	INFO	stacktrace	src/common/stack_trace.cpp:172	    [5]  0x5ef) [0x55e0b93af98f]:_ZN8t_daemon3runEv+0x5ef) [0x55e0b93af98f]
2021-01-14 01:21:15.853	    7f8526dd4a00	INFO	stacktrace	src/common/stack_trace.cpp:172	    [6] monero-wallet-rpc(main+0x53a) [0x55e0b92669ea] 
2021-01-14 01:21:15.853	    7f8526dd4a00	INFO	stacktrace	src/common/stack_trace.cpp:172	    [7]  0xf2) [0x7f8529056152]:__libc_start_main+0xf2) [0x7f8529056152]
2021-01-14 01:21:15.853	    7f8526dd4a00	INFO	stacktrace	src/common/stack_trace.cpp:172	    [8]  0x2e) [0x55e0b9278a4e]:_start+0x2e) [0x55e0b9278a4e]
2021-01-14 01:21:15.853	    7f8526dd4a00	INFO	stacktrace	src/common/stack_trace.cpp:172	
2021-01-14 01:21:15.854	    7f8526dd4a00	ERROR	wallet.rpc	src/wallet/wallet_rpc_server.cpp:4454	Wallet initialization failed: internal error: "/home/smitty/Documents/repos/carryone/PeerCoin/scripts/../wallet/moneroDefault.keys" is opened by another wallet program
2021-01-14 01:21:58.751	    7f975ca20a00	INFO	logging	contrib/epee/src/mlog.cpp:273	New log categories: *:WARNING,net:FATAL,net.http:FATAL,net.ssl:FATAL,net.p2p:FATAL,net.cn:FATAL,daemon.rpc:FATAL,global:INFO,verify:FATAL,serialization:FATAL,daemon.rpc.payment:ERROR,stacktrace:INFO,logging:INFO,msgwriter:INFO
2021-01-14 01:21:58.751	    7f975ca20a00	INFO	msgwriter	src/common/scoped_message_writer.h:102	Forking to background...
2021-01-14 01:21:58.753	    7f975ca20a00	WARNING	wallet.rpc	src/wallet/wallet_rpc_server.cpp:4400	Loading wallet...
2021-01-14 01:21:59.985	    7f975ca20a00	ERROR	util	src/common/util.cpp:109	Error locking fd 16: 11 (Resource temporarily unavailable)
2021-01-14 01:21:59.985	    7f975ca20a00	ERROR	util	src/common/util.cpp:274	Failed to lock /home/smitty/Documents/repos/carryone/PeerCoin/scripts/../wallet/moneroDefault.keys: Resource temporarily unavailable
2021-01-14 01:21:59.985	    7f975ca20a00	ERROR	wallet.wallet2	src/wallet/wallet2.cpp:5594	!is_keys_file_locked(). THROW EXCEPTION: error::wallet_internal_error
2021-01-14 01:21:59.985	    7f975ca20a00	INFO	stacktrace	src/common/stack_trace.cpp:133	Exception: tools::error::wallet_internal_error
2021-01-14 01:21:59.985	    7f975ca20a00	INFO	stacktrace	src/common/stack_trace.cpp:134	Unwound call stack:
2021-01-14 01:21:59.988	    7f975ca20a00	INFO	stacktrace	src/common/stack_trace.cpp:172	    [1]  0x116) [0x5631783abf11]:__cxa_throw+0x116) [0x5631783abf11]
2021-01-14 01:21:59.988	    7f975ca20a00	INFO	stacktrace	src/common/stack_trace.cpp:172	    [2]  0x1c6) [0x5631786df416]:_ZN5tools5error15throw_wallet_exINS0_21wallet_internal_errorEJNSt7__cxx1112basic_stringIcSt11char_traitsIcESaIcEEEEEEvOS8_DpRKT0_+0x1c6) [0x5631786df416]
2021-01-14 01:21:59.988	    7f975ca20a00	INFO	stacktrace	src/common/stack_trace.cpp:172	    [3]  0xc42) [0x5631786aafb2]:_ZN5tools7wallet24loadERKNSt7__cxx1112basic_stringIcSt11char_traitsIcESaIcEEERKN4epee15wipeable_stringES8_S8_+0xc42) [0x5631786aafb2]
2021-01-14 01:21:59.988	    7f975ca20a00	INFO	stacktrace	src/common/stack_trace.cpp:172	    [4]  0x1d9) [0x5631786ac0f9]:_ZN5tools7wallet214make_from_fileERKN5boost15program_options13variables_mapEbRKNSt7__cxx1112basic_stringIcSt11char_traitsIcESaIcEEERKSt8functionIFNS1_8optionalINS_18password_containerEEEPKcbEE+0x1d9) [0x5631786ac0f9]
2021-01-14 01:21:59.988	    7f975ca20a00	INFO	stacktrace	src/common/stack_trace.cpp:172	    [5]  0x5ef) [0x56317854798f]:_ZN8t_daemon3runEv+0x5ef) [0x56317854798f]
2021-01-14 01:21:59.988	    7f975ca20a00	INFO	stacktrace	src/common/stack_trace.cpp:172	    [6] monero-wallet-rpc(main+0x53a) [0x5631783fe9ea] 
2021-01-14 01:21:59.988	    7f975ca20a00	INFO	stacktrace	src/common/stack_trace.cpp:172	    [7]  0xf2) [0x7f975eca2152]:__libc_start_main+0xf2) [0x7f975eca2152]
2021-01-14 01:21:59.988	    7f975ca20a00	INFO	stacktrace	src/common/stack_trace.cpp:172	    [8]  0x2e) [0x563178410a4e]:_start+0x2e) [0x563178410a4e]
2021-01-14 01:21:59.988	    7f975ca20a00	INFO	stacktrace	src/common/stack_trace.cpp:172	
2021-01-14 01:21:59.989	    7f975ca20a00	ERROR	wallet.rpc	src/wallet/wallet_rpc_server.cpp:4454	Wallet initialization failed: internal error: "/home/smitty/Documents/repos/carryone/PeerCoin/scripts/../wallet/moneroDefault.keys" is opened by another wallet program
2021-01-14 02:31:50.052	[RPC0]	ERROR	wallet.wallet2	src/wallet/wallet2.cpp:13997	!r. THROW EXCEPTION: tools::error::no_connection_to_daemon
2021-01-14 02:31:50.052	[RPC0]	INFO	stacktrace	src/common/stack_trace.cpp:133	Exception: tools::error::no_connection_to_daemon
2021-01-14 02:31:50.052	[RPC0]	INFO	stacktrace	src/common/stack_trace.cpp:134	Unwound call stack:
2021-01-14 02:31:50.071	[RPC0]	INFO	stacktrace	src/common/stack_trace.cpp:172	    [1]  0x116) [0x558dad10af11]:__cxa_throw+0x116) [0x558dad10af11]
2021-01-14 02:31:50.071	[RPC0]	INFO	stacktrace	src/common/stack_trace.cpp:172	    [2] monero-wallet-rpc(+0x443ddc) [0x558dad09eddc] 
2021-01-14 02:31:50.071	[RPC0]	INFO	stacktrace	src/common/stack_trace.cpp:172	    [3]  0x2d6) [0x558dad32c766]:_ZNK5tools7wallet227throw_on_rpc_response_errorEbRKN4epee8json_rpc5errorERKNSt7__cxx1112basic_stringIcSt11char_traitsIcESaIcEEEPKc+0x2d6) [0x558dad32c766]
2021-01-14 02:31:50.071	[RPC0]	INFO	stacktrace	src/common/stack_trace.cpp:172	    [4]  0x38d) [0x558dad3b772d]:_ZN5tools7wallet217update_pool_stateERSt6vectorISt5tupleIJN10cryptonote11transactionEN6crypto4hashEbEESaIS7_EEb+0x38d) [0x558dad3b772d]
2021-01-14 02:31:50.071	[RPC0]	INFO	stacktrace	src/common/stack_trace.cpp:172	    [5]  0x907) [0x558dad3c9937]:_ZN5tools7wallet27refreshEbmRmRbb+0x907) [0x558dad3c9937]
2021-01-14 02:31:50.071	[RPC0]	INFO	stacktrace	src/common/stack_trace.cpp:172	    [6]  0x31) [0x558dad3cad51]:_ZN5tools7wallet27refreshEbmRm+0x31) [0x558dad3cad51]
2021-01-14 02:31:50.071	[RPC0]	INFO	stacktrace	src/common/stack_trace.cpp:172	    [7]  0x2e) [0x558dad3cad9e]:_ZN5tools7wallet27refreshEb+0x2e) [0x558dad3cad9e]
2021-01-14 02:31:50.071	[RPC0]	INFO	stacktrace	src/common/stack_trace.cpp:172	    [8] monero-wallet-rpc(+0x532c53) [0x558dad18dc53] 
2021-01-14 02:31:50.071	[RPC0]	INFO	stacktrace	src/common/stack_trace.cpp:172	    [9] monero-wallet-rpc(+0x53b0a2) [0x558dad1960a2] 
2021-01-14 02:31:50.071	[RPC0]	INFO	stacktrace	src/common/stack_trace.cpp:172	    [10] monero-wallet-rpc(+0x51b5eb) [0x558dad1765eb] 
2021-01-14 02:31:50.071	[RPC0]	INFO	stacktrace	src/common/stack_trace.cpp:172	    [11] monero-wallet-rpc(+0x51e4c2) [0x558dad1794c2] 
2021-01-14 02:31:50.071	[RPC0]	INFO	stacktrace	src/common/stack_trace.cpp:172	    [12]  0x216) [0x558dad1f4d96]:_ZN4epee9net_utils18boosted_tcp_serverINS0_4http19http_custom_handlerINS0_23connection_context_baseEEEE13worker_threadEv+0x216) [0x558dad1f4d96]
2021-01-14 02:31:50.071	[RPC0]	INFO	stacktrace	src/common/stack_trace.cpp:172	    [13]  0xaed7) [0x7f6fda707ed7]:_thread.so.1.75.0(+0xaed7) [0x7f6fda707ed7]
2021-01-14 02:31:50.071	[RPC0]	INFO	stacktrace	src/common/stack_trace.cpp:172	    [14] /usr/lib/libpthread.so.0(+0x93e9) [0x7f6fd99743e9] 
2021-01-14 02:31:50.071	[RPC0]	INFO	stacktrace	src/common/stack_trace.cpp:172	    [15] /usr/lib/libc.so.6(clone+0x43) [0x7f6fd98a0293] 
2021-01-14 02:31:50.071	[RPC0]	INFO	stacktrace	src/common/stack_trace.cpp:172	
2021-01-14 02:31:50.071	[RPC0]	ERROR	wallet.rpc	src/wallet/wallet_rpc_server.cpp:143	Exception at while refreshing, what=no connection to daemon
2021-01-15 00:14:26.914	[RPC0]	ERROR	wallet.wallet2	src/wallet/wallet2.cpp:13997	!r. THROW EXCEPTION: tools::error::no_connection_to_daemon
2021-01-15 00:14:26.914	[RPC0]	INFO	stacktrace	src/common/stack_trace.cpp:133	Exception: tools::error::no_connection_to_daemon
2021-01-15 00:14:26.914	[RPC0]	INFO	stacktrace	src/common/stack_trace.cpp:134	Unwound call stack:
2021-01-15 00:14:26.931	[RPC0]	INFO	stacktrace	src/common/stack_trace.cpp:172	    [1]  0x116) [0x558dad10af11]:__cxa_throw+0x116) [0x558dad10af11]
2021-01-15 00:14:26.932	[RPC0]	INFO	stacktrace	src/common/stack_trace.cpp:172	    [2] monero-wallet-rpc(+0x443ddc) [0x558dad09eddc] 
2021-01-15 00:14:26.932	[RPC0]	INFO	stacktrace	src/common/stack_trace.cpp:172	    [3]  0x2d6) [0x558dad32c766]:_ZNK5tools7wallet227throw_on_rpc_response_errorEbRKN4epee8json_rpc5errorERKNSt7__cxx1112basic_stringIcSt11char_traitsIcESaIcEEEPKc+0x2d6) [0x558dad32c766]
2021-01-15 00:14:26.932	[RPC0]	INFO	stacktrace	src/common/stack_trace.cpp:172	    [4]  0x38d) [0x558dad3b772d]:_ZN5tools7wallet217update_pool_stateERSt6vectorISt5tupleIJN10cryptonote11transactionEN6crypto4hashEbEESaIS7_EEb+0x38d) [0x558dad3b772d]
2021-01-15 00:14:26.932	[RPC0]	INFO	stacktrace	src/common/stack_trace.cpp:172	    [5]  0x907) [0x558dad3c9937]:_ZN5tools7wallet27refreshEbmRmRbb+0x907) [0x558dad3c9937]
2021-01-15 00:14:26.932	[RPC0]	INFO	stacktrace	src/common/stack_trace.cpp:172	    [6]  0x31) [0x558dad3cad51]:_ZN5tools7wallet27refreshEbmRm+0x31) [0x558dad3cad51]
2021-01-15 00:14:26.932	[RPC0]	INFO	stacktrace	src/common/stack_trace.cpp:172	    [7]  0x2e) [0x558dad3cad9e]:_ZN5tools7wallet27refreshEb+0x2e) [0x558dad3cad9e]
2021-01-15 00:14:26.932	[RPC0]	INFO	stacktrace	src/common/stack_trace.cpp:172	    [8] monero-wallet-rpc(+0x532c53) [0x558dad18dc53] 
2021-01-15 00:14:26.932	[RPC0]	INFO	stacktrace	src/common/stack_trace.cpp:172	    [9] monero-wallet-rpc(+0x53b0a2) [0x558dad1960a2] 
2021-01-15 00:14:26.932	[RPC0]	INFO	stacktrace	src/common/stack_trace.cpp:172	    [10] monero-wallet-rpc(+0x51b5eb) [0x558dad1765eb] 
2021-01-15 00:14:26.932	[RPC0]	INFO	stacktrace	src/common/stack_trace.cpp:172	    [11] monero-wallet-rpc(+0x51e4c2) [0x558dad1794c2] 
2021-01-15 00:14:26.932	[RPC0]	INFO	stacktrace	src/common/stack_trace.cpp:172	    [12]  0x216) [0x558dad1f4d96]:_ZN4epee9net_utils18boosted_tcp_serverINS0_4http19http_custom_handlerINS0_23connection_context_baseEEEE13worker_threadEv+0x216) [0x558dad1f4d96]
2021-01-15 00:14:26.932	[RPC0]	INFO	stacktrace	src/common/stack_trace.cpp:172	    [13]  0xaed7) [0x7f6fda707ed7]:_thread.so.1.75.0(+0xaed7) [0x7f6fda707ed7]
2021-01-15 00:14:26.932	[RPC0]	INFO	stacktrace	src/common/stack_trace.cpp:172	    [14] /usr/lib/libpthread.so.0(+0x93e9) [0x7f6fd99743e9] 
2021-01-15 00:14:26.932	[RPC0]	INFO	stacktrace	src/common/stack_trace.cpp:172	    [15] /usr/lib/libc.so.6(clone+0x43) [0x7f6fd98a0293] 
2021-01-15 00:14:26.932	[RPC0]	INFO	stacktrace	src/common/stack_trace.cpp:172	
2021-01-15 00:14:26.932	[RPC0]	ERROR	wallet.rpc	src/wallet/wallet_rpc_server.cpp:143	Exception at while refreshing, what=no connection to daemon
2021-01-16 01:03:58.319	[RPC0]	ERROR	wallet.wallet2	src/wallet/wallet2.cpp:13997	!r. THROW EXCEPTION: tools::error::no_connection_to_daemon
2021-01-16 01:03:58.320	[RPC0]	INFO	stacktrace	src/common/stack_trace.cpp:133	Exception: tools::error::no_connection_to_daemon
2021-01-16 01:03:58.320	[RPC0]	INFO	stacktrace	src/common/stack_trace.cpp:134	Unwound call stack:
2021-01-16 01:03:58.333	[RPC0]	INFO	stacktrace	src/common/stack_trace.cpp:172	    [1]  0x116) [0x558dad10af11]:__cxa_throw+0x116) [0x558dad10af11]
2021-01-16 01:03:58.334	[RPC0]	INFO	stacktrace	src/common/stack_trace.cpp:172	    [2] monero-wallet-rpc(+0x443ddc) [0x558dad09eddc] 
2021-01-16 01:03:58.334	[RPC0]	INFO	stacktrace	src/common/stack_trace.cpp:172	    [3]  0x2d6) [0x558dad32c766]:_ZNK5tools7wallet227throw_on_rpc_response_errorEbRKN4epee8json_rpc5errorERKNSt7__cxx1112basic_stringIcSt11char_traitsIcESaIcEEEPKc+0x2d6) [0x558dad32c766]
2021-01-16 01:03:58.334	[RPC0]	INFO	stacktrace	src/common/stack_trace.cpp:172	    [4]  0x38d) [0x558dad3b772d]:_ZN5tools7wallet217update_pool_stateERSt6vectorISt5tupleIJN10cryptonote11transactionEN6crypto4hashEbEESaIS7_EEb+0x38d) [0x558dad3b772d]
2021-01-16 01:03:58.334	[RPC0]	INFO	stacktrace	src/common/stack_trace.cpp:172	    [5]  0x907) [0x558dad3c9937]:_ZN5tools7wallet27refreshEbmRmRbb+0x907) [0x558dad3c9937]
2021-01-16 01:03:58.334	[RPC0]	INFO	stacktrace	src/common/stack_trace.cpp:172	    [6]  0x31) [0x558dad3cad51]:_ZN5tools7wallet27refreshEbmRm+0x31) [0x558dad3cad51]
2021-01-16 01:03:58.334	[RPC0]	INFO	stacktrace	src/common/stack_trace.cpp:172	    [7]  0x2e) [0x558dad3cad9e]:_ZN5tools7wallet27refreshEb+0x2e) [0x558dad3cad9e]
2021-01-16 01:03:58.334	[RPC0]	INFO	stacktrace	src/common/stack_trace.cpp:172	    [8] monero-wallet-rpc(+0x532c53) [0x558dad18dc53] 
2021-01-16 01:03:58.334	[RPC0]	INFO	stacktrace	src/common/stack_trace.cpp:172	    [9] monero-wallet-rpc(+0x53b0a2) [0x558dad1960a2] 
2021-01-16 01:03:58.334	[RPC0]	INFO	stacktrace	src/common/stack_trace.cpp:172	    [10] monero-wallet-rpc(+0x51b5eb) [0x558dad1765eb] 
2021-01-16 01:03:58.334	[RPC0]	INFO	stacktrace	src/common/stack_trace.cpp:172	    [11] monero-wallet-rpc(+0x51e4c2) [0x558dad1794c2] 
2021-01-16 01:03:58.334	[RPC0]	INFO	stacktrace	src/common/stack_trace.cpp:172	    [12]  0x216) [0x558dad1f4d96]:_ZN4epee9net_utils18boosted_tcp_serverINS0_4http19http_custom_handlerINS0_23connection_context_baseEEEE13worker_threadEv+0x216) [0x558dad1f4d96]
2021-01-16 01:03:58.334	[RPC0]	INFO	stacktrace	src/common/stack_trace.cpp:172	    [13]  0xaed7) [0x7f6fda707ed7]:_thread.so.1.75.0(+0xaed7) [0x7f6fda707ed7]
2021-01-16 01:03:58.334	[RPC0]	INFO	stacktrace	src/common/stack_trace.cpp:172	    [14] /usr/lib/libpthread.so.0(+0x93e9) [0x7f6fd99743e9] 
2021-01-16 01:03:58.334	[RPC0]	INFO	stacktrace	src/common/stack_trace.cpp:172	    [15] /usr/lib/libc.so.6(clone+0x43) [0x7f6fd98a0293] 
2021-01-16 01:03:58.334	[RPC0]	INFO	stacktrace	src/common/stack_trace.cpp:172	
2021-01-16 01:03:58.334	[RPC0]	ERROR	wallet.rpc	src/wallet/wallet_rpc_server.cpp:143	Exception at while refreshing, what=no connection to daemon
2021-01-16 01:20:39.112	[RPC0]	INFO	stacktrace	src/common/stack_trace.cpp:133	Exception: std::runtime_error
2021-01-16 01:20:39.112	[RPC0]	INFO	stacktrace	src/common/stack_trace.cpp:134	Unwound call stack:
2021-01-16 01:20:39.143	[RPC0]	INFO	stacktrace	src/common/stack_trace.cpp:172	    [1]  0x116) [0x558dad10af11]:__cxa_throw+0x116) [0x558dad10af11]
2021-01-16 01:20:39.143	[RPC0]	INFO	stacktrace	src/common/stack_trace.cpp:172	    [2] monero-wallet-rpc(+0x427344) [0x558dad082344] 
2021-01-16 01:20:39.143	[RPC0]	INFO	stacktrace	src/common/stack_trace.cpp:172	    [3]  0x105) [0x558dad2a5145]:_ZN4epee13serialization58kv_serialization_overloads_impl_is_base_serializable_typesILb1EE14kv_unserializeImNS0_16portable_storageEEEbRT_RT0_NS7_8hsectionEPKc+0x105) [0x558dad2a5145]
2021-01-16 01:20:39.143	[RPC0]	INFO	stacktrace	src/common/stack_trace.cpp:172	    [4] monero-wallet-rpc(+0x55759a) [0x558dad1b259a] 
2021-01-16 01:20:39.143	[RPC0]	INFO	stacktrace	src/common/stack_trace.cpp:172	    [5]  0xc9) [0x558dad2abbe9]:_ZN4epee8json_rpc7requestINS_10misc_utils11struct_initIN5tools10wallet_rpc20COMMAND_RPC_TRANSFER9request_tEEEE4loadINS_13serialization16portable_storageEEEbRT_NSD_8hsectionE+0xc9) [0x558dad2abbe9]
2021-01-16 01:20:39.143	[RPC0]	INFO	stacktrace	src/common/stack_trace.cpp:172	    [6]  0xa419) [0x558dad2b6399]:_ZN5tools17wallet_rpc_server23handle_http_request_mapIN4epee9net_utils23connection_context_baseEEEbRKNS3_4http17http_request_infoERNS5_18http_response_infoERT_+0xa419) [0x558dad2b6399]
2021-01-16 01:20:39.143	[RPC0]	INFO	stacktrace	src/common/stack_trace.cpp:172	    [7]  0x1ea) [0x558dad30031a]:_ZN5tools17wallet_rpc_server19handle_http_requestERKN4epee9net_utils4http17http_request_infoERNS3_18http_response_infoERNS2_23connection_context_baseE+0x1ea) [0x558dad30031a]
2021-01-16 01:20:39.143	[RPC0]	INFO	stacktrace	src/common/stack_trace.cpp:172	    [8]  0xb1) [0x558dad1ead81]:_ZN4epee9net_utils4http19http_custom_handlerINS0_23connection_context_baseEE14handle_requestERKNS1_17http_request_infoERNS1_18http_response_infoE+0xb1) [0x558dad1ead81]
2021-01-16 01:20:39.143	[RPC0]	INFO	stacktrace	src/common/stack_trace.cpp:172	    [9]  0x2ed) [0x558dad2190ad]:_ZN4epee9net_utils4http30simple_http_connection_handlerINS0_23connection_context_baseEE32handle_request_and_send_responseERKNS1_17http_request_infoE+0x2ed) [0x558dad2190ad]
2021-01-16 01:20:39.143	[RPC0]	INFO	stacktrace	src/common/stack_trace.cpp:172	    [10]  0x200) [0x558dad2197b0]:_ZN4epee9net_utils4http30simple_http_connection_handlerINS0_23connection_context_baseEE27handle_retriving_query_bodyEv+0x200) [0x558dad2197b0]
2021-01-16 01:20:39.143	[RPC0]	INFO	stacktrace	src/common/stack_trace.cpp:172	    [11]  0x41) [0x558dad2a0691]:_ZN4epee9net_utils4http30simple_http_connection_handlerINS0_23connection_context_baseEE11handle_recvEPKvm+0x41) [0x558dad2a0691]
2021-01-16 01:20:39.143	[RPC0]	INFO	stacktrace	src/common/stack_trace.cpp:172	    [12]  0x1b9) [0x558dad2a08b9]:_ZN4epee9net_utils10connectionINS0_4http19http_custom_handlerINS0_23connection_context_baseEEEE11handle_readERKN5boost6system10error_codeEm+0x1b9) [0x558dad2a08b9]
2021-01-16 01:20:39.143	[RPC0]	INFO	stacktrace	src/common/stack_trace.cpp:172	    [13]  0x82) [0x558dad24da02]:_ZN5boost4asio6detail14strand_service8dispatchINS1_7binder2INS_3_bi6bind_tIvNS_4_mfi3mf2IvN4epee9net_utils10connectionINSA_4http19http_custom_handlerINSA_23connection_context_baseEEEEERKNS_6system10error_codeEmEENS5_5list3INS5_5valueINS_10shared_ptrISG_EEEEPFNS_3argILi1EEEvEPFNSR_ILi2EEEvEEEEESI_mEEEEvRPNS2_11strand_implERT_+0x82) [0x558dad24da02]
2021-01-16 01:20:39.143	[RPC0]	INFO	stacktrace	src/common/stack_trace.cpp:172	    [14]  0x3c1) [0x558dad25c5c1]:_ZN5boost4asio6detail14strand_service8dispatchINS1_17rewrapped_handlerINS1_7binder2INS1_15wrapped_handlerINS0_10io_context6strandENS_3_bi6bind_tIvNS_4_mfi3mf2IvN4epee9net_utils10connectionINSE_4http19http_custom_handlerINSE_23connection_context_baseEEEEERKNS_6system10error_codeEmEENS9_5list3INS9_5valueINS_10shared_ptrISK_EEEEPFNS_3argILi1EEEvEPFNSV_ILi2EEEvEEEEENS1_26is_continuation_if_runningEEESM_mEES13_EEEEvRPNS2_11strand_implERT_+0x3c1) [0x558dad25c5c1]
2021-01-16 01:20:39.143	[RPC0]	INFO	stacktrace	src/common/stack_trace.cpp:172	    [15]  0x342) [0x558dad25cb12]:_ZN5boost4asio6detail23reactive_socket_recv_opINS0_17mutable_buffers_1ENS1_15wrapped_handlerINS0_10io_context6strandENS_3_bi6bind_tIvNS_4_mfi3mf2IvN4epee9net_utils10connectionINSC_4http19http_custom_handlerINSC_23connection_context_baseEEEEERKNS_6system10error_codeEmEENS7_5list3INS7_5valueINS_10shared_ptrISI_EEEEPFNS_3argILi1EEEvEPFNST_ILi2EEEvEEEEENS1_26is_continuation_if_runningEEENS0_9execution12any_executorIJNS14_12context_as_tIRNS0_17execution_contextEEENS14_6detail8blocking7never_tILi0EEENS14_11prefer_onlyINS1B_10possibly_tILi0EEEEENS1E_INS1A_16outstanding_work9tracked_tILi0EEEEENS1E_INS1I_11untracked_tILi0EEEEENS1E_INS1A_12relationship6fork_tILi0EEEEENS1E_INS1P_14continuation_tILi0EEEEEEEEE11do_completeEPvPNS1_19scheduler_operationESM_m+0x342) [0x558dad25cb12]
2021-01-16 01:20:39.143	[RPC0]	INFO	stacktrace	src/common/stack_trace.cpp:172	    [16] monero-wallet-rpc(+0x51e4c2) [0x558dad1794c2] 
2021-01-16 01:20:39.143	[RPC0]	INFO	stacktrace	src/common/stack_trace.cpp:172	    [17]  0x216) [0x558dad1f4d96]:_ZN4epee9net_utils18boosted_tcp_serverINS0_4http19http_custom_handlerINS0_23connection_context_baseEEEE13worker_threadEv+0x216) [0x558dad1f4d96]
2021-01-16 01:20:39.143	[RPC0]	INFO	stacktrace	src/common/stack_trace.cpp:172	    [18]  0xaed7) [0x7f6fda707ed7]:_thread.so.1.75.0(+0xaed7) [0x7f6fda707ed7]
2021-01-16 01:20:39.143	[RPC0]	INFO	stacktrace	src/common/stack_trace.cpp:172	    [19] /usr/lib/libpthread.so.0(+0x93e9) [0x7f6fd99743e9] 
2021-01-16 01:20:39.143	[RPC0]	INFO	stacktrace	src/common/stack_trace.cpp:172	    [20] /usr/lib/libc.so.6(clone+0x43) [0x7f6fd98a0293] 
2021-01-16 01:20:39.143	[RPC0]	INFO	stacktrace	src/common/stack_trace.cpp:172	
2021-01-16 01:21:51.792	[RPC0]	INFO	stacktrace	src/common/stack_trace.cpp:133	Exception: std::runtime_error
2021-01-16 01:21:51.792	[RPC0]	INFO	stacktrace	src/common/stack_trace.cpp:134	Unwound call stack:
2021-01-16 01:21:51.797	[RPC0]	INFO	stacktrace	src/common/stack_trace.cpp:172	    [1]  0x116) [0x558dad10af11]:__cxa_throw+0x116) [0x558dad10af11]
2021-01-16 01:21:51.797	[RPC0]	INFO	stacktrace	src/common/stack_trace.cpp:172	    [2] monero-wallet-rpc(+0x427344) [0x558dad082344] 
2021-01-16 01:21:51.797	[RPC0]	INFO	stacktrace	src/common/stack_trace.cpp:172	    [3]  0x105) [0x558dad2a5145]:_ZN4epee13serialization58kv_serialization_overloads_impl_is_base_serializable_typesILb1EE14kv_unserializeImNS0_16portable_storageEEEbRT_RT0_NS7_8hsectionEPKc+0x105) [0x558dad2a5145]
2021-01-16 01:21:51.797	[RPC0]	INFO	stacktrace	src/common/stack_trace.cpp:172	    [4] monero-wallet-rpc(+0x55759a) [0x558dad1b259a] 
2021-01-16 01:21:51.797	[RPC0]	INFO	stacktrace	src/common/stack_trace.cpp:172	    [5]  0xc9) [0x558dad2abbe9]:_ZN4epee8json_rpc7requestINS_10misc_utils11struct_initIN5tools10wallet_rpc20COMMAND_RPC_TRANSFER9request_tEEEE4loadINS_13serialization16portable_storageEEEbRT_NSD_8hsectionE+0xc9) [0x558dad2abbe9]
2021-01-16 01:21:51.797	[RPC0]	INFO	stacktrace	src/common/stack_trace.cpp:172	    [6]  0xa419) [0x558dad2b6399]:_ZN5tools17wallet_rpc_server23handle_http_request_mapIN4epee9net_utils23connection_context_baseEEEbRKNS3_4http17http_request_infoERNS5_18http_response_infoERT_+0xa419) [0x558dad2b6399]
2021-01-16 01:21:51.797	[RPC0]	INFO	stacktrace	src/common/stack_trace.cpp:172	    [7]  0x1ea) [0x558dad30031a]:_ZN5tools17wallet_rpc_server19handle_http_requestERKN4epee9net_utils4http17http_request_infoERNS3_18http_response_infoERNS2_23connection_context_baseE+0x1ea) [0x558dad30031a]
2021-01-16 01:21:51.797	[RPC0]	INFO	stacktrace	src/common/stack_trace.cpp:172	    [8]  0xb1) [0x558dad1ead81]:_ZN4epee9net_utils4http19http_custom_handlerINS0_23connection_context_baseEE14handle_requestERKNS1_17http_request_infoERNS1_18http_response_infoE+0xb1) [0x558dad1ead81]
2021-01-16 01:21:51.797	[RPC0]	INFO	stacktrace	src/common/stack_trace.cpp:172	    [9]  0x2ed) [0x558dad2190ad]:_ZN4epee9net_utils4http30simple_http_connection_handlerINS0_23connection_context_baseEE32handle_request_and_send_responseERKNS1_17http_request_infoE+0x2ed) [0x558dad2190ad]
2021-01-16 01:21:51.797	[RPC0]	INFO	stacktrace	src/common/stack_trace.cpp:172	    [10]  0x200) [0x558dad2197b0]:_ZN4epee9net_utils4http30simple_http_connection_handlerINS0_23connection_context_baseEE27handle_retriving_query_bodyEv+0x200) [0x558dad2197b0]
2021-01-16 01:21:51.797	[RPC0]	INFO	stacktrace	src/common/stack_trace.cpp:172	    [11]  0x41) [0x558dad2a0691]:_ZN4epee9net_utils4http30simple_http_connection_handlerINS0_23connection_context_baseEE11handle_recvEPKvm+0x41) [0x558dad2a0691]
2021-01-16 01:21:51.797	[RPC0]	INFO	stacktrace	src/common/stack_trace.cpp:172	    [12]  0x1b9) [0x558dad2a08b9]:_ZN4epee9net_utils10connectionINS0_4http19http_custom_handlerINS0_23connection_context_baseEEEE11handle_readERKN5boost6system10error_codeEm+0x1b9) [0x558dad2a08b9]
2021-01-16 01:21:51.797	[RPC0]	INFO	stacktrace	src/common/stack_trace.cpp:172	    [13]  0x82) [0x558dad24da02]:_ZN5boost4asio6detail14strand_service8dispatchINS1_7binder2INS_3_bi6bind_tIvNS_4_mfi3mf2IvN4epee9net_utils10connectionINSA_4http19http_custom_handlerINSA_23connection_context_baseEEEEERKNS_6system10error_codeEmEENS5_5list3INS5_5valueINS_10shared_ptrISG_EEEEPFNS_3argILi1EEEvEPFNSR_ILi2EEEvEEEEESI_mEEEEvRPNS2_11strand_implERT_+0x82) [0x558dad24da02]
2021-01-16 01:21:51.797	[RPC0]	INFO	stacktrace	src/common/stack_trace.cpp:172	    [14]  0x3c1) [0x558dad25c5c1]:_ZN5boost4asio6detail14strand_service8dispatchINS1_17rewrapped_handlerINS1_7binder2INS1_15wrapped_handlerINS0_10io_context6strandENS_3_bi6bind_tIvNS_4_mfi3mf2IvN4epee9net_utils10connectionINSE_4http19http_custom_handlerINSE_23connection_context_baseEEEEERKNS_6system10error_codeEmEENS9_5list3INS9_5valueINS_10shared_ptrISK_EEEEPFNS_3argILi1EEEvEPFNSV_ILi2EEEvEEEEENS1_26is_continuation_if_runningEEESM_mEES13_EEEEvRPNS2_11strand_implERT_+0x3c1) [0x558dad25c5c1]
2021-01-16 01:21:51.797	[RPC0]	INFO	stacktrace	src/common/stack_trace.cpp:172	    [15]  0x342) [0x558dad25cb12]:_ZN5boost4asio6detail23reactive_socket_recv_opINS0_17mutable_buffers_1ENS1_15wrapped_handlerINS0_10io_context6strandENS_3_bi6bind_tIvNS_4_mfi3mf2IvN4epee9net_utils10connectionINSC_4http19http_custom_handlerINSC_23connection_context_baseEEEEERKNS_6system10error_codeEmEENS7_5list3INS7_5valueINS_10shared_ptrISI_EEEEPFNS_3argILi1EEEvEPFNST_ILi2EEEvEEEEENS1_26is_continuation_if_runningEEENS0_9execution12any_executorIJNS14_12context_as_tIRNS0_17execution_contextEEENS14_6detail8blocking7never_tILi0EEENS14_11prefer_onlyINS1B_10possibly_tILi0EEEEENS1E_INS1A_16outstanding_work9tracked_tILi0EEEEENS1E_INS1I_11untracked_tILi0EEEEENS1E_INS1A_12relationship6fork_tILi0EEEEENS1E_INS1P_14continuation_tILi0EEEEEEEEE11do_completeEPvPNS1_19scheduler_operationESM_m+0x342) [0x558dad25cb12]
2021-01-16 01:21:51.797	[RPC0]	INFO	stacktrace	src/common/stack_trace.cpp:172	    [16] monero-wallet-rpc(+0x51e4c2) [0x558dad1794c2] 
2021-01-16 01:21:51.797	[RPC0]	INFO	stacktrace	src/common/stack_trace.cpp:172	    [17]  0x216) [0x558dad1f4d96]:_ZN4epee9net_utils18boosted_tcp_serverINS0_4http19http_custom_handlerINS0_23connection_context_baseEEEE13worker_threadEv+0x216) [0x558dad1f4d96]
2021-01-16 01:21:51.797	[RPC0]	INFO	stacktrace	src/common/stack_trace.cpp:172	    [18]  0xaed7) [0x7f6fda707ed7]:_thread.so.1.75.0(+0xaed7) [0x7f6fda707ed7]
2021-01-16 01:21:51.797	[RPC0]	INFO	stacktrace	src/common/stack_trace.cpp:172	    [19] /usr/lib/libpthread.so.0(+0x93e9) [0x7f6fd99743e9] 
2021-01-16 01:21:51.797	[RPC0]	INFO	stacktrace	src/common/stack_trace.cpp:172	    [20] /usr/lib/libc.so.6(clone+0x43) [0x7f6fd98a0293] 
2021-01-16 01:21:51.797	[RPC0]	INFO	stacktrace	src/common/stack_trace.cpp:172	
2021-01-16 01:23:13.467	[RPC0]	INFO	stacktrace	src/common/stack_trace.cpp:133	Exception: std::runtime_error
2021-01-16 01:23:13.467	[RPC0]	INFO	stacktrace	src/common/stack_trace.cpp:134	Unwound call stack:
2021-01-16 01:23:13.472	[RPC0]	INFO	stacktrace	src/common/stack_trace.cpp:172	    [1]  0x116) [0x558dad10af11]:__cxa_throw+0x116) [0x558dad10af11]
2021-01-16 01:23:13.472	[RPC0]	INFO	stacktrace	src/common/stack_trace.cpp:172	    [2] monero-wallet-rpc(+0x427344) [0x558dad082344] 
2021-01-16 01:23:13.472	[RPC0]	INFO	stacktrace	src/common/stack_trace.cpp:172	    [3]  0x105) [0x558dad2a5145]:_ZN4epee13serialization58kv_serialization_overloads_impl_is_base_serializable_typesILb1EE14kv_unserializeImNS0_16portable_storageEEEbRT_RT0_NS7_8hsectionEPKc+0x105) [0x558dad2a5145]
2021-01-16 01:23:13.472	[RPC0]	INFO	stacktrace	src/common/stack_trace.cpp:172	    [4] monero-wallet-rpc(+0x55759a) [0x558dad1b259a] 
2021-01-16 01:23:13.472	[RPC0]	INFO	stacktrace	src/common/stack_trace.cpp:172	    [5]  0xc9) [0x558dad2abbe9]:_ZN4epee8json_rpc7requestINS_10misc_utils11struct_initIN5tools10wallet_rpc20COMMAND_RPC_TRANSFER9request_tEEEE4loadINS_13serialization16portable_storageEEEbRT_NSD_8hsectionE+0xc9) [0x558dad2abbe9]
2021-01-16 01:23:13.472	[RPC0]	INFO	stacktrace	src/common/stack_trace.cpp:172	    [6]  0xa419) [0x558dad2b6399]:_ZN5tools17wallet_rpc_server23handle_http_request_mapIN4epee9net_utils23connection_context_baseEEEbRKNS3_4http17http_request_infoERNS5_18http_response_infoERT_+0xa419) [0x558dad2b6399]
2021-01-16 01:23:13.472	[RPC0]	INFO	stacktrace	src/common/stack_trace.cpp:172	    [7]  0x1ea) [0x558dad30031a]:_ZN5tools17wallet_rpc_server19handle_http_requestERKN4epee9net_utils4http17http_request_infoERNS3_18http_response_infoERNS2_23connection_context_baseE+0x1ea) [0x558dad30031a]
2021-01-16 01:23:13.472	[RPC0]	INFO	stacktrace	src/common/stack_trace.cpp:172	    [8]  0xb1) [0x558dad1ead81]:_ZN4epee9net_utils4http19http_custom_handlerINS0_23connection_context_baseEE14handle_requestERKNS1_17http_request_infoERNS1_18http_response_infoE+0xb1) [0x558dad1ead81]
2021-01-16 01:23:13.472	[RPC0]	INFO	stacktrace	src/common/stack_trace.cpp:172	    [9]  0x2ed) [0x558dad2190ad]:_ZN4epee9net_utils4http30simple_http_connection_handlerINS0_23connection_context_baseEE32handle_request_and_send_responseERKNS1_17http_request_infoE+0x2ed) [0x558dad2190ad]
2021-01-16 01:23:13.472	[RPC0]	INFO	stacktrace	src/common/stack_trace.cpp:172	    [10]  0x200) [0x558dad2197b0]:_ZN4epee9net_utils4http30simple_http_connection_handlerINS0_23connection_context_baseEE27handle_retriving_query_bodyEv+0x200) [0x558dad2197b0]
2021-01-16 01:23:13.472	[RPC0]	INFO	stacktrace	src/common/stack_trace.cpp:172	    [11]  0x41) [0x558dad2a0691]:_ZN4epee9net_utils4http30simple_http_connection_handlerINS0_23connection_context_baseEE11handle_recvEPKvm+0x41) [0x558dad2a0691]
2021-01-16 01:23:13.472	[RPC0]	INFO	stacktrace	src/common/stack_trace.cpp:172	    [12]  0x1b9) [0x558dad2a08b9]:_ZN4epee9net_utils10connectionINS0_4http19http_custom_handlerINS0_23connection_context_baseEEEE11handle_readERKN5boost6system10error_codeEm+0x1b9) [0x558dad2a08b9]
2021-01-16 01:23:13.472	[RPC0]	INFO	stacktrace	src/common/stack_trace.cpp:172	    [13]  0x82) [0x558dad24da02]:_ZN5boost4asio6detail14strand_service8dispatchINS1_7binder2INS_3_bi6bind_tIvNS_4_mfi3mf2IvN4epee9net_utils10connectionINSA_4http19http_custom_handlerINSA_23connection_context_baseEEEEERKNS_6system10error_codeEmEENS5_5list3INS5_5valueINS_10shared_ptrISG_EEEEPFNS_3argILi1EEEvEPFNSR_ILi2EEEvEEEEESI_mEEEEvRPNS2_11strand_implERT_+0x82) [0x558dad24da02]
2021-01-16 01:23:13.472	[RPC0]	INFO	stacktrace	src/common/stack_trace.cpp:172	    [14]  0x3c1) [0x558dad25c5c1]:_ZN5boost4asio6detail14strand_service8dispatchINS1_17rewrapped_handlerINS1_7binder2INS1_15wrapped_handlerINS0_10io_context6strandENS_3_bi6bind_tIvNS_4_mfi3mf2IvN4epee9net_utils10connectionINSE_4http19http_custom_handlerINSE_23connection_context_baseEEEEERKNS_6system10error_codeEmEENS9_5list3INS9_5valueINS_10shared_ptrISK_EEEEPFNS_3argILi1EEEvEPFNSV_ILi2EEEvEEEEENS1_26is_continuation_if_runningEEESM_mEES13_EEEEvRPNS2_11strand_implERT_+0x3c1) [0x558dad25c5c1]
2021-01-16 01:23:13.472	[RPC0]	INFO	stacktrace	src/common/stack_trace.cpp:172	    [15]  0x342) [0x558dad25cb12]:_ZN5boost4asio6detail23reactive_socket_recv_opINS0_17mutable_buffers_1ENS1_15wrapped_handlerINS0_10io_context6strandENS_3_bi6bind_tIvNS_4_mfi3mf2IvN4epee9net_utils10connectionINSC_4http19http_custom_handlerINSC_23connection_context_baseEEEEERKNS_6system10error_codeEmEENS7_5list3INS7_5valueINS_10shared_ptrISI_EEEEPFNS_3argILi1EEEvEPFNST_ILi2EEEvEEEEENS1_26is_continuation_if_runningEEENS0_9execution12any_executorIJNS14_12context_as_tIRNS0_17execution_contextEEENS14_6detail8blocking7never_tILi0EEENS14_11prefer_onlyINS1B_10possibly_tILi0EEEEENS1E_INS1A_16outstanding_work9tracked_tILi0EEEEENS1E_INS1I_11untracked_tILi0EEEEENS1E_INS1A_12relationship6fork_tILi0EEEEENS1E_INS1P_14continuation_tILi0EEEEEEEEE11do_completeEPvPNS1_19scheduler_operationESM_m+0x342) [0x558dad25cb12]
2021-01-16 01:23:13.472	[RPC0]	INFO	stacktrace	src/common/stack_trace.cpp:172	    [16] monero-wallet-rpc(+0x51e4c2) [0x558dad1794c2] 
2021-01-16 01:23:13.472	[RPC0]	INFO	stacktrace	src/common/stack_trace.cpp:172	    [17]  0x216) [0x558dad1f4d96]:_ZN4epee9net_utils18boosted_tcp_serverINS0_4http19http_custom_handlerINS0_23connection_context_baseEEEE13worker_threadEv+0x216) [0x558dad1f4d96]
2021-01-16 01:23:13.472	[RPC0]	INFO	stacktrace	src/common/stack_trace.cpp:172	    [18]  0xaed7) [0x7f6fda707ed7]:_thread.so.1.75.0(+0xaed7) [0x7f6fda707ed7]
2021-01-16 01:23:13.472	[RPC0]	INFO	stacktrace	src/common/stack_trace.cpp:172	    [19] /usr/lib/libpthread.so.0(+0x93e9) [0x7f6fd99743e9] 
2021-01-16 01:23:13.472	[RPC0]	INFO	stacktrace	src/common/stack_trace.cpp:172	    [20] /usr/lib/libc.so.6(clone+0x43) [0x7f6fd98a0293] 
2021-01-16 01:23:13.472	[RPC0]	INFO	stacktrace	src/common/stack_trace.cpp:172	
2021-01-16 01:25:13.771	[RPC0]	INFO	stacktrace	src/common/stack_trace.cpp:133	Exception: std::runtime_error
2021-01-16 01:25:13.771	[RPC0]	INFO	stacktrace	src/common/stack_trace.cpp:134	Unwound call stack:
2021-01-16 01:25:13.776	[RPC0]	INFO	stacktrace	src/common/stack_trace.cpp:172	    [1]  0x116) [0x558dad10af11]:__cxa_throw+0x116) [0x558dad10af11]
2021-01-16 01:25:13.776	[RPC0]	INFO	stacktrace	src/common/stack_trace.cpp:172	    [2] monero-wallet-rpc(+0x427344) [0x558dad082344] 
2021-01-16 01:25:13.776	[RPC0]	INFO	stacktrace	src/common/stack_trace.cpp:172	    [3]  0x105) [0x558dad2a5145]:_ZN4epee13serialization58kv_serialization_overloads_impl_is_base_serializable_typesILb1EE14kv_unserializeImNS0_16portable_storageEEEbRT_RT0_NS7_8hsectionEPKc+0x105) [0x558dad2a5145]
2021-01-16 01:25:13.776	[RPC0]	INFO	stacktrace	src/common/stack_trace.cpp:172	    [4] monero-wallet-rpc(+0x55759a) [0x558dad1b259a] 
2021-01-16 01:25:13.776	[RPC0]	INFO	stacktrace	src/common/stack_trace.cpp:172	    [5]  0xc9) [0x558dad2abbe9]:_ZN4epee8json_rpc7requestINS_10misc_utils11struct_initIN5tools10wallet_rpc20COMMAND_RPC_TRANSFER9request_tEEEE4loadINS_13serialization16portable_storageEEEbRT_NSD_8hsectionE+0xc9) [0x558dad2abbe9]
2021-01-16 01:25:13.776	[RPC0]	INFO	stacktrace	src/common/stack_trace.cpp:172	    [6]  0xa419) [0x558dad2b6399]:_ZN5tools17wallet_rpc_server23handle_http_request_mapIN4epee9net_utils23connection_context_baseEEEbRKNS3_4http17http_request_infoERNS5_18http_response_infoERT_+0xa419) [0x558dad2b6399]
2021-01-16 01:25:13.776	[RPC0]	INFO	stacktrace	src/common/stack_trace.cpp:172	    [7]  0x1ea) [0x558dad30031a]:_ZN5tools17wallet_rpc_server19handle_http_requestERKN4epee9net_utils4http17http_request_infoERNS3_18http_response_infoERNS2_23connection_context_baseE+0x1ea) [0x558dad30031a]
2021-01-16 01:25:13.776	[RPC0]	INFO	stacktrace	src/common/stack_trace.cpp:172	    [8]  0xb1) [0x558dad1ead81]:_ZN4epee9net_utils4http19http_custom_handlerINS0_23connection_context_baseEE14handle_requestERKNS1_17http_request_infoERNS1_18http_response_infoE+0xb1) [0x558dad1ead81]
2021-01-16 01:25:13.776	[RPC0]	INFO	stacktrace	src/common/stack_trace.cpp:172	    [9]  0x2ed) [0x558dad2190ad]:_ZN4epee9net_utils4http30simple_http_connection_handlerINS0_23connection_context_baseEE32handle_request_and_send_responseERKNS1_17http_request_infoE+0x2ed) [0x558dad2190ad]
2021-01-16 01:25:13.776	[RPC0]	INFO	stacktrace	src/common/stack_trace.cpp:172	    [10]  0x200) [0x558dad2197b0]:_ZN4epee9net_utils4http30simple_http_connection_handlerINS0_23connection_context_baseEE27handle_retriving_query_bodyEv+0x200) [0x558dad2197b0]
2021-01-16 01:25:13.776	[RPC0]	INFO	stacktrace	src/common/stack_trace.cpp:172	    [11]  0x41) [0x558dad2a0691]:_ZN4epee9net_utils4http30simple_http_connection_handlerINS0_23connection_context_baseEE11handle_recvEPKvm+0x41) [0x558dad2a0691]
2021-01-16 01:25:13.776	[RPC0]	INFO	stacktrace	src/common/stack_trace.cpp:172	    [12]  0x1b9) [0x558dad2a08b9]:_ZN4epee9net_utils10connectionINS0_4http19http_custom_handlerINS0_23connection_context_baseEEEE11handle_readERKN5boost6system10error_codeEm+0x1b9) [0x558dad2a08b9]
2021-01-16 01:25:13.776	[RPC0]	INFO	stacktrace	src/common/stack_trace.cpp:172	    [13]  0x82) [0x558dad24da02]:_ZN5boost4asio6detail14strand_service8dispatchINS1_7binder2INS_3_bi6bind_tIvNS_4_mfi3mf2IvN4epee9net_utils10connectionINSA_4http19http_custom_handlerINSA_23connection_context_baseEEEEERKNS_6system10error_codeEmEENS5_5list3INS5_5valueINS_10shared_ptrISG_EEEEPFNS_3argILi1EEEvEPFNSR_ILi2EEEvEEEEESI_mEEEEvRPNS2_11strand_implERT_+0x82) [0x558dad24da02]
2021-01-16 01:25:13.776	[RPC0]	INFO	stacktrace	src/common/stack_trace.cpp:172	    [14]  0x3c1) [0x558dad25c5c1]:_ZN5boost4asio6detail14strand_service8dispatchINS1_17rewrapped_handlerINS1_7binder2INS1_15wrapped_handlerINS0_10io_context6strandENS_3_bi6bind_tIvNS_4_mfi3mf2IvN4epee9net_utils10connectionINSE_4http19http_custom_handlerINSE_23connection_context_baseEEEEERKNS_6system10error_codeEmEENS9_5list3INS9_5valueINS_10shared_ptrISK_EEEEPFNS_3argILi1EEEvEPFNSV_ILi2EEEvEEEEENS1_26is_continuation_if_runningEEESM_mEES13_EEEEvRPNS2_11strand_implERT_+0x3c1) [0x558dad25c5c1]
2021-01-16 01:25:13.776	[RPC0]	INFO	stacktrace	src/common/stack_trace.cpp:172	    [15]  0x342) [0x558dad25cb12]:_ZN5boost4asio6detail23reactive_socket_recv_opINS0_17mutable_buffers_1ENS1_15wrapped_handlerINS0_10io_context6strandENS_3_bi6bind_tIvNS_4_mfi3mf2IvN4epee9net_utils10connectionINSC_4http19http_custom_handlerINSC_23connection_context_baseEEEEERKNS_6system10error_codeEmEENS7_5list3INS7_5valueINS_10shared_ptrISI_EEEEPFNS_3argILi1EEEvEPFNST_ILi2EEEvEEEEENS1_26is_continuation_if_runningEEENS0_9execution12any_executorIJNS14_12context_as_tIRNS0_17execution_contextEEENS14_6detail8blocking7never_tILi0EEENS14_11prefer_onlyINS1B_10possibly_tILi0EEEEENS1E_INS1A_16outstanding_work9tracked_tILi0EEEEENS1E_INS1I_11untracked_tILi0EEEEENS1E_INS1A_12relationship6fork_tILi0EEEEENS1E_INS1P_14continuation_tILi0EEEEEEEEE11do_completeEPvPNS1_19scheduler_operationESM_m+0x342) [0x558dad25cb12]
2021-01-16 01:25:13.776	[RPC0]	INFO	stacktrace	src/common/stack_trace.cpp:172	    [16] monero-wallet-rpc(+0x51e4c2) [0x558dad1794c2] 
2021-01-16 01:25:13.776	[RPC0]	INFO	stacktrace	src/common/stack_trace.cpp:172	    [17]  0x216) [0x558dad1f4d96]:_ZN4epee9net_utils18boosted_tcp_serverINS0_4http19http_custom_handlerINS0_23connection_context_baseEEEE13worker_threadEv+0x216) [0x558dad1f4d96]
2021-01-16 01:25:13.776	[RPC0]	INFO	stacktrace	src/common/stack_trace.cpp:172	    [18]  0xaed7) [0x7f6fda707ed7]:_thread.so.1.75.0(+0xaed7) [0x7f6fda707ed7]
2021-01-16 01:25:13.776	[RPC0]	INFO	stacktrace	src/common/stack_trace.cpp:172	    [19] /usr/lib/libpthread.so.0(+0x93e9) [0x7f6fd99743e9] 
2021-01-16 01:25:13.776	[RPC0]	INFO	stacktrace	src/common/stack_trace.cpp:172	    [20] /usr/lib/libc.so.6(clone+0x43) [0x7f6fd98a0293] 
2021-01-16 01:25:13.776	[RPC0]	INFO	stacktrace	src/common/stack_trace.cpp:172	
2021-01-16 01:25:35.252	[RPC0]	WARNING	wallet.wallet2	src/wallet/wallet2.cpp:7526	Requested ring size 1 too low, using 11
2021-01-16 01:25:39.143	[RPC0]	ERROR	wallet.wallet2	src/wallet/wallet2.cpp:9842	needed_money + min_fee > balance_subtotal. THROW EXCEPTION: error::not_enough_money
2021-01-16 01:25:39.143	[RPC0]	INFO	stacktrace	src/common/stack_trace.cpp:133	Exception: tools::error::not_enough_money
2021-01-16 01:25:39.143	[RPC0]	INFO	stacktrace	src/common/stack_trace.cpp:134	Unwound call stack:
2021-01-16 01:25:39.174	[RPC0]	INFO	stacktrace	src/common/stack_trace.cpp:172	    [1]  0x116) [0x558dad10af11]:__cxa_throw+0x116) [0x558dad10af11]
2021-01-16 01:25:39.174	[RPC0]	INFO	stacktrace	src/common/stack_trace.cpp:172	    [2] monero-wallet-rpc(+0x46b301) [0x558dad0c6301] 
2021-01-16 01:25:39.174	[RPC0]	INFO	stacktrace	src/common/stack_trace.cpp:172	    [3]  0x282) [0x558dad1a7e02]:_ZN5tools17wallet_rpc_server11on_transferERKN4epee10misc_utils11struct_initINS_10wallet_rpc20COMMAND_RPC_TRANSFER9request_tEEERNS3_INS5_10response_tEEERNS1_8json_rpc5errorEPKNS1_9net_utils23connection_context_baseE+0x282) [0x558dad1a7e02]
2021-01-16 01:25:39.174	[RPC0]	INFO	stacktrace	src/common/stack_trace.cpp:172	    [4]  0xa799) [0x558dad2b6719]:_ZN5tools17wallet_rpc_server23handle_http_request_mapIN4epee9net_utils23connection_context_baseEEEbRKNS3_4http17http_request_infoERNS5_18http_response_infoERT_+0xa799) [0x558dad2b6719]
2021-01-16 01:25:39.174	[RPC0]	INFO	stacktrace	src/common/stack_trace.cpp:172	    [5]  0x1ea) [0x558dad30031a]:_ZN5tools17wallet_rpc_server19handle_http_requestERKN4epee9net_utils4http17http_request_infoERNS3_18http_response_infoERNS2_23connection_context_baseE+0x1ea) [0x558dad30031a]
2021-01-16 01:25:39.174	[RPC0]	INFO	stacktrace	src/common/stack_trace.cpp:172	    [6]  0xb1) [0x558dad1ead81]:_ZN4epee9net_utils4http19http_custom_handlerINS0_23connection_context_baseEE14handle_requestERKNS1_17http_request_infoERNS1_18http_response_infoE+0xb1) [0x558dad1ead81]
2021-01-16 01:25:39.174	[RPC0]	INFO	stacktrace	src/common/stack_trace.cpp:172	    [7]  0x2ed) [0x558dad2190ad]:_ZN4epee9net_utils4http30simple_http_connection_handlerINS0_23connection_context_baseEE32handle_request_and_send_responseERKNS1_17http_request_infoE+0x2ed) [0x558dad2190ad]
2021-01-16 01:25:39.174	[RPC0]	INFO	stacktrace	src/common/stack_trace.cpp:172	    [8]  0x200) [0x558dad2197b0]:_ZN4epee9net_utils4http30simple_http_connection_handlerINS0_23connection_context_baseEE27handle_retriving_query_bodyEv+0x200) [0x558dad2197b0]
2021-01-16 01:25:39.175	[RPC0]	INFO	stacktrace	src/common/stack_trace.cpp:172	    [9]  0x41) [0x558dad2a0691]:_ZN4epee9net_utils4http30simple_http_connection_handlerINS0_23connection_context_baseEE11handle_recvEPKvm+0x41) [0x558dad2a0691]
2021-01-16 01:25:39.175	[RPC0]	INFO	stacktrace	src/common/stack_trace.cpp:172	    [10]  0x1b9) [0x558dad2a08b9]:_ZN4epee9net_utils10connectionINS0_4http19http_custom_handlerINS0_23connection_context_baseEEEE11handle_readERKN5boost6system10error_codeEm+0x1b9) [0x558dad2a08b9]
2021-01-16 01:25:39.175	[RPC0]	INFO	stacktrace	src/common/stack_trace.cpp:172	    [11]  0x82) [0x558dad24da02]:_ZN5boost4asio6detail14strand_service8dispatchINS1_7binder2INS_3_bi6bind_tIvNS_4_mfi3mf2IvN4epee9net_utils10connectionINSA_4http19http_custom_handlerINSA_23connection_context_baseEEEEERKNS_6system10error_codeEmEENS5_5list3INS5_5valueINS_10shared_ptrISG_EEEEPFNS_3argILi1EEEvEPFNSR_ILi2EEEvEEEEESI_mEEEEvRPNS2_11strand_implERT_+0x82) [0x558dad24da02]
2021-01-16 01:25:39.175	[RPC0]	INFO	stacktrace	src/common/stack_trace.cpp:172	    [12]  0x3c1) [0x558dad25c5c1]:_ZN5boost4asio6detail14strand_service8dispatchINS1_17rewrapped_handlerINS1_7binder2INS1_15wrapped_handlerINS0_10io_context6strandENS_3_bi6bind_tIvNS_4_mfi3mf2IvN4epee9net_utils10connectionINSE_4http19http_custom_handlerINSE_23connection_context_baseEEEEERKNS_6system10error_codeEmEENS9_5list3INS9_5valueINS_10shared_ptrISK_EEEEPFNS_3argILi1EEEvEPFNSV_ILi2EEEvEEEEENS1_26is_continuation_if_runningEEESM_mEES13_EEEEvRPNS2_11strand_implERT_+0x3c1) [0x558dad25c5c1]
2021-01-16 01:25:39.175	[RPC0]	INFO	stacktrace	src/common/stack_trace.cpp:172	    [13]  0x342) [0x558dad25cb12]:_ZN5boost4asio6detail23reactive_socket_recv_opINS0_17mutable_buffers_1ENS1_15wrapped_handlerINS0_10io_context6strandENS_3_bi6bind_tIvNS_4_mfi3mf2IvN4epee9net_utils10connectionINSC_4http19http_custom_handlerINSC_23connection_context_baseEEEEERKNS_6system10error_codeEmEENS7_5list3INS7_5valueINS_10shared_ptrISI_EEEEPFNS_3argILi1EEEvEPFNST_ILi2EEEvEEEEENS1_26is_continuation_if_runningEEENS0_9execution12any_executorIJNS14_12context_as_tIRNS0_17execution_contextEEENS14_6detail8blocking7never_tILi0EEENS14_11prefer_onlyINS1B_10possibly_tILi0EEEEENS1E_INS1A_16outstanding_work9tracked_tILi0EEEEENS1E_INS1I_11untracked_tILi0EEEEENS1E_INS1A_12relationship6fork_tILi0EEEEENS1E_INS1P_14continuation_tILi0EEEEEEEEE11do_completeEPvPNS1_19scheduler_operationESM_m+0x342) [0x558dad25cb12]
2021-01-16 01:25:39.175	[RPC0]	INFO	stacktrace	src/common/stack_trace.cpp:172	    [14] monero-wallet-rpc(+0x51e4c2) [0x558dad1794c2] 
2021-01-16 01:25:39.175	[RPC0]	INFO	stacktrace	src/common/stack_trace.cpp:172	    [15]  0x216) [0x558dad1f4d96]:_ZN4epee9net_utils18boosted_tcp_serverINS0_4http19http_custom_handlerINS0_23connection_context_baseEEEE13worker_threadEv+0x216) [0x558dad1f4d96]
2021-01-16 01:25:39.175	[RPC0]	INFO	stacktrace	src/common/stack_trace.cpp:172	    [16]  0xaed7) [0x7f6fda707ed7]:_thread.so.1.75.0(+0xaed7) [0x7f6fda707ed7]
2021-01-16 01:25:39.175	[RPC0]	INFO	stacktrace	src/common/stack_trace.cpp:172	    [17] /usr/lib/libpthread.so.0(+0x93e9) [0x7f6fd99743e9] 
2021-01-16 01:25:39.175	[RPC0]	INFO	stacktrace	src/common/stack_trace.cpp:172	    [18] /usr/lib/libc.so.6(clone+0x43) [0x7f6fd98a0293] 
2021-01-16 01:25:39.175	[RPC0]	INFO	stacktrace	src/common/stack_trace.cpp:172	
2021-01-16 01:28:00.187	[RPC0]	WARNING	wallet.wallet2	src/wallet/wallet2.cpp:7526	Requested ring size 1 too low, using 11
2021-01-16 01:28:01.419	[RPC0]	ERROR	wallet.wallet2	src/wallet/wallet2.cpp:9842	needed_money + min_fee > balance_subtotal. THROW EXCEPTION: error::not_enough_money
2021-01-16 01:28:01.419	[RPC0]	INFO	stacktrace	src/common/stack_trace.cpp:133	Exception: tools::error::not_enough_money
2021-01-16 01:28:01.419	[RPC0]	INFO	stacktrace	src/common/stack_trace.cpp:134	Unwound call stack:
2021-01-16 01:28:01.443	[RPC0]	INFO	stacktrace	src/common/stack_trace.cpp:172	    [1]  0x116) [0x558dad10af11]:__cxa_throw+0x116) [0x558dad10af11]
2021-01-16 01:28:01.443	[RPC0]	INFO	stacktrace	src/common/stack_trace.cpp:172	    [2] monero-wallet-rpc(+0x46b301) [0x558dad0c6301] 
2021-01-16 01:28:01.443	[RPC0]	INFO	stacktrace	src/common/stack_trace.cpp:172	    [3]  0x282) [0x558dad1a7e02]:_ZN5tools17wallet_rpc_server11on_transferERKN4epee10misc_utils11struct_initINS_10wallet_rpc20COMMAND_RPC_TRANSFER9request_tEEERNS3_INS5_10response_tEEERNS1_8json_rpc5errorEPKNS1_9net_utils23connection_context_baseE+0x282) [0x558dad1a7e02]
2021-01-16 01:28:01.443	[RPC0]	INFO	stacktrace	src/common/stack_trace.cpp:172	    [4]  0xa799) [0x558dad2b6719]:_ZN5tools17wallet_rpc_server23handle_http_request_mapIN4epee9net_utils23connection_context_baseEEEbRKNS3_4http17http_request_infoERNS5_18http_response_infoERT_+0xa799) [0x558dad2b6719]
2021-01-16 01:28:01.443	[RPC0]	INFO	stacktrace	src/common/stack_trace.cpp:172	    [5]  0x1ea) [0x558dad30031a]:_ZN5tools17wallet_rpc_server19handle_http_requestERKN4epee9net_utils4http17http_request_infoERNS3_18http_response_infoERNS2_23connection_context_baseE+0x1ea) [0x558dad30031a]
2021-01-16 01:28:01.443	[RPC0]	INFO	stacktrace	src/common/stack_trace.cpp:172	    [6]  0xb1) [0x558dad1ead81]:_ZN4epee9net_utils4http19http_custom_handlerINS0_23connection_context_baseEE14handle_requestERKNS1_17http_request_infoERNS1_18http_response_infoE+0xb1) [0x558dad1ead81]
2021-01-16 01:28:01.443	[RPC0]	INFO	stacktrace	src/common/stack_trace.cpp:172	    [7]  0x2ed) [0x558dad2190ad]:_ZN4epee9net_utils4http30simple_http_connection_handlerINS0_23connection_context_baseEE32handle_request_and_send_responseERKNS1_17http_request_infoE+0x2ed) [0x558dad2190ad]
2021-01-16 01:28:01.443	[RPC0]	INFO	stacktrace	src/common/stack_trace.cpp:172	    [8]  0x200) [0x558dad2197b0]:_ZN4epee9net_utils4http30simple_http_connection_handlerINS0_23connection_context_baseEE27handle_retriving_query_bodyEv+0x200) [0x558dad2197b0]
2021-01-16 01:28:01.444	[RPC0]	INFO	stacktrace	src/common/stack_trace.cpp:172	    [9]  0x41) [0x558dad2a0691]:_ZN4epee9net_utils4http30simple_http_connection_handlerINS0_23connection_context_baseEE11handle_recvEPKvm+0x41) [0x558dad2a0691]
2021-01-16 01:28:01.444	[RPC0]	INFO	stacktrace	src/common/stack_trace.cpp:172	    [10]  0x1b9) [0x558dad2a08b9]:_ZN4epee9net_utils10connectionINS0_4http19http_custom_handlerINS0_23connection_context_baseEEEE11handle_readERKN5boost6system10error_codeEm+0x1b9) [0x558dad2a08b9]
2021-01-16 01:28:01.444	[RPC0]	INFO	stacktrace	src/common/stack_trace.cpp:172	    [11]  0x82) [0x558dad24da02]:_ZN5boost4asio6detail14strand_service8dispatchINS1_7binder2INS_3_bi6bind_tIvNS_4_mfi3mf2IvN4epee9net_utils10connectionINSA_4http19http_custom_handlerINSA_23connection_context_baseEEEEERKNS_6system10error_codeEmEENS5_5list3INS5_5valueINS_10shared_ptrISG_EEEEPFNS_3argILi1EEEvEPFNSR_ILi2EEEvEEEEESI_mEEEEvRPNS2_11strand_implERT_+0x82) [0x558dad24da02]
2021-01-16 01:28:01.444	[RPC0]	INFO	stacktrace	src/common/stack_trace.cpp:172	    [12]  0x3c1) [0x558dad25c5c1]:_ZN5boost4asio6detail14strand_service8dispatchINS1_17rewrapped_handlerINS1_7binder2INS1_15wrapped_handlerINS0_10io_context6strandENS_3_bi6bind_tIvNS_4_mfi3mf2IvN4epee9net_utils10connectionINSE_4http19http_custom_handlerINSE_23connection_context_baseEEEEERKNS_6system10error_codeEmEENS9_5list3INS9_5valueINS_10shared_ptrISK_EEEEPFNS_3argILi1EEEvEPFNSV_ILi2EEEvEEEEENS1_26is_continuation_if_runningEEESM_mEES13_EEEEvRPNS2_11strand_implERT_+0x3c1) [0x558dad25c5c1]
2021-01-16 01:28:01.444	[RPC0]	INFO	stacktrace	src/common/stack_trace.cpp:172	    [13]  0x342) [0x558dad25cb12]:_ZN5boost4asio6detail23reactive_socket_recv_opINS0_17mutable_buffers_1ENS1_15wrapped_handlerINS0_10io_context6strandENS_3_bi6bind_tIvNS_4_mfi3mf2IvN4epee9net_utils10connectionINSC_4http19http_custom_handlerINSC_23connection_context_baseEEEEERKNS_6system10error_codeEmEENS7_5list3INS7_5valueINS_10shared_ptrISI_EEEEPFNS_3argILi1EEEvEPFNST_ILi2EEEvEEEEENS1_26is_continuation_if_runningEEENS0_9execution12any_executorIJNS14_12context_as_tIRNS0_17execution_contextEEENS14_6detail8blocking7never_tILi0EEENS14_11prefer_onlyINS1B_10possibly_tILi0EEEEENS1E_INS1A_16outstanding_work9tracked_tILi0EEEEENS1E_INS1I_11untracked_tILi0EEEEENS1E_INS1A_12relationship6fork_tILi0EEEEENS1E_INS1P_14continuation_tILi0EEEEEEEEE11do_completeEPvPNS1_19scheduler_operationESM_m+0x342) [0x558dad25cb12]
2021-01-16 01:28:01.444	[RPC0]	INFO	stacktrace	src/common/stack_trace.cpp:172	    [14] monero-wallet-rpc(+0x51e4c2) [0x558dad1794c2] 
2021-01-16 01:28:01.444	[RPC0]	INFO	stacktrace	src/common/stack_trace.cpp:172	    [15]  0x216) [0x558dad1f4d96]:_ZN4epee9net_utils18boosted_tcp_serverINS0_4http19http_custom_handlerINS0_23connection_context_baseEEEE13worker_threadEv+0x216) [0x558dad1f4d96]
2021-01-16 01:28:01.444	[RPC0]	INFO	stacktrace	src/common/stack_trace.cpp:172	    [16]  0xaed7) [0x7f6fda707ed7]:_thread.so.1.75.0(+0xaed7) [0x7f6fda707ed7]
2021-01-16 01:28:01.444	[RPC0]	INFO	stacktrace	src/common/stack_trace.cpp:172	    [17] /usr/lib/libpthread.so.0(+0x93e9) [0x7f6fd99743e9] 
2021-01-16 01:28:01.444	[RPC0]	INFO	stacktrace	src/common/stack_trace.cpp:172	    [18] /usr/lib/libc.so.6(clone+0x43) [0x7f6fd98a0293] 
2021-01-16 01:28:01.444	[RPC0]	INFO	stacktrace	src/common/stack_trace.cpp:172	
